TN:
SF:src/routes.ts
FNF:0
FNH:0
DA:1,0
DA:2,0
DA:3,0
DA:4,0
DA:5,0
DA:6,0
DA:7,0
DA:10,0
DA:11,0
DA:18,0
DA:24,0
DA:29,0
DA:36,0
DA:45,0
DA:48,0
DA:51,0
DA:54,0
DA:55,0
DA:56,0
DA:57,0
DA:58,0
DA:61,0
DA:62,0
DA:65,0
DA:66,0
DA:67,0
DA:68,0
DA:71,0
DA:72,0
DA:75,0
DA:76,0
DA:79,0
DA:80,0
DA:83,0
DA:86,0
DA:88,0
LF:36
LH:0
BRF:0
BRH:0
end_of_record
TN:
SF:src/controllers/auth.controller.ts
FN:6,(anonymous_9)
FN:23,(anonymous_10)
FN:48,(anonymous_11)
FN:58,(anonymous_12)
FN:68,(anonymous_13)
FNF:5
FNH:0
FNDA:0,(anonymous_9)
FNDA:0,(anonymous_10)
FNDA:0,(anonymous_11)
FNDA:0,(anonymous_12)
FNDA:0,(anonymous_13)
DA:2,0
DA:3,0
DA:6,0
DA:7,0
DA:8,0
DA:9,0
DA:12,0
DA:14,0
DA:19,0
DA:23,0
DA:24,0
DA:25,0
DA:26,0
DA:29,0
DA:30,0
DA:31,0
DA:34,0
DA:36,0
DA:44,0
DA:48,0
DA:49,0
DA:50,0
DA:51,0
DA:52,0
DA:54,0
DA:58,0
DA:59,0
DA:60,0
DA:61,0
DA:62,0
DA:64,0
DA:68,0
DA:69,0
DA:70,0
DA:71,0
DA:72,0
DA:78,0
DA:79,0
DA:81,0
LF:39
LH:0
BRDA:30,0,0,0
BRDA:30,0,1,0
BRDA:71,1,0,0
BRDA:71,1,1,0
BRF:4
BRH:0
end_of_record
TN:
SF:src/controllers/execution.controller.ts
FN:15,(anonymous_0)
FN:42,(anonymous_1)
FN:58,(anonymous_2)
FN:137,(anonymous_3)
FN:183,(anonymous_4)
FN:202,(anonymous_5)
FN:218,(anonymous_6)
FN:235,(anonymous_7)
FN:252,(anonymous_8)
FN:265,(anonymous_9)
FN:281,(anonymous_10)
FN:298,(anonymous_11)
FN:331,(anonymous_12)
FN:368,(anonymous_13)
FNF:14
FNH:0
FNDA:0,(anonymous_0)
FNDA:0,(anonymous_1)
FNDA:0,(anonymous_2)
FNDA:0,(anonymous_3)
FNDA:0,(anonymous_4)
FNDA:0,(anonymous_5)
FNDA:0,(anonymous_6)
FNDA:0,(anonymous_7)
FNDA:0,(anonymous_8)
FNDA:0,(anonymous_9)
FNDA:0,(anonymous_10)
FNDA:0,(anonymous_11)
FNDA:0,(anonymous_12)
FNDA:0,(anonymous_13)
DA:2,0
DA:3,0
DA:9,0
DA:10,0
DA:15,0
DA:16,0
DA:17,0
DA:20,0
DA:22,0
DA:23,0
DA:26,0
DA:32,0
DA:42,0
DA:43,0
DA:44,0
DA:47,0
DA:49,0
DA:58,0
DA:59,0
DA:60,0
DA:75,0
DA:78,0
DA:80,0
DA:81,0
DA:84,0
DA:85,0
DA:88,0
DA:89,0
DA:92,0
DA:93,0
DA:96,0
DA:97,0
DA:100,0
DA:101,0
DA:105,0
DA:115,0
DA:120,0
DA:127,0
DA:137,0
DA:138,0
DA:139,0
DA:142,0
DA:148,0
DA:151,0
DA:161,0
DA:166,0
DA:173,0
DA:183,0
DA:184,0
DA:185,0
DA:188,0
DA:189,0
DA:191,0
DA:193,0
DA:202,0
DA:203,0
DA:204,0
DA:207,0
DA:209,0
DA:218,0
DA:219,0
DA:220,0
DA:223,0
DA:225,0
DA:235,0
DA:236,0
DA:237,0
DA:240,0
DA:242,0
DA:252,0
DA:253,0
DA:254,0
DA:257,0
DA:259,0
DA:265,0
DA:266,0
DA:267,0
DA:270,0
DA:272,0
DA:281,0
DA:282,0
DA:283,0
DA:286,0
DA:287,0
DA:289,0
DA:298,0
DA:299,0
DA:300,0
DA:303,0
DA:306,0
DA:307,0
DA:308,0
DA:312,0
DA:319,0
DA:321,0
DA:331,0
DA:332,0
DA:336,0
DA:347,0
DA:349,0
DA:350,0
DA:351,0
DA:354,0
DA:355,0
DA:356,0
DA:368,0
DA:369,0
DA:371,0
DA:372,0
DA:375,0
DA:376,0
DA:379,0
DA:381,0
DA:388,0
DA:389,0
LF:115
LH:0
BRDA:16,0,0,0
BRDA:16,0,1,0
BRDA:20,1,0,0
BRDA:22,2,0,0
BRDA:22,2,1,0
BRDA:43,3,0,0
BRDA:43,3,1,0
BRDA:59,4,0,0
BRDA:59,4,1,0
BRDA:71,5,0,0
BRDA:72,6,0,0
BRDA:73,7,0,0
BRDA:74,8,0,0
BRDA:80,9,0,0
BRDA:80,9,1,0
BRDA:80,10,0,0
BRDA:80,10,1,0
BRDA:84,11,0,0
BRDA:84,11,1,0
BRDA:84,12,0,0
BRDA:84,12,1,0
BRDA:84,12,2,0
BRDA:88,13,0,0
BRDA:88,13,1,0
BRDA:88,14,0,0
BRDA:88,14,1,0
BRDA:92,15,0,0
BRDA:92,15,1,0
BRDA:92,16,0,0
BRDA:92,16,1,0
BRDA:96,17,0,0
BRDA:96,17,1,0
BRDA:96,18,0,0
BRDA:96,18,1,0
BRDA:100,19,0,0
BRDA:100,19,1,0
BRDA:100,20,0,0
BRDA:100,20,1,0
BRDA:106,21,0,0
BRDA:106,21,1,0
BRDA:109,22,0,0
BRDA:109,22,1,0
BRDA:116,23,0,0
BRDA:116,23,1,0
BRDA:117,24,0,0
BRDA:117,24,1,0
BRDA:138,25,0,0
BRDA:138,25,1,0
BRDA:144,26,0,0
BRDA:145,27,0,0
BRDA:146,28,0,0
BRDA:147,29,0,0
BRDA:152,30,0,0
BRDA:152,30,1,0
BRDA:155,31,0,0
BRDA:155,31,1,0
BRDA:162,32,0,0
BRDA:162,32,1,0
BRDA:163,33,0,0
BRDA:163,33,1,0
BRDA:184,34,0,0
BRDA:184,34,1,0
BRDA:188,35,0,0
BRDA:189,36,0,0
BRDA:189,36,1,0
BRDA:203,37,0,0
BRDA:203,37,1,0
BRDA:219,38,0,0
BRDA:219,38,1,0
BRDA:236,39,0,0
BRDA:236,39,1,0
BRDA:253,40,0,0
BRDA:253,40,1,0
BRDA:266,41,0,0
BRDA:266,41,1,0
BRDA:282,42,0,0
BRDA:282,42,1,0
BRDA:299,43,0,0
BRDA:299,43,1,0
BRDA:303,44,0,0
BRDA:307,45,0,0
BRDA:307,45,1,0
BRDA:307,46,0,0
BRDA:307,46,1,0
BRDA:319,47,0,0
BRDA:319,47,1,0
BRDA:332,48,0,0
BRDA:332,48,1,0
BRDA:341,49,0,0
BRDA:341,49,1,0
BRDA:342,50,0,0
BRDA:342,50,1,0
BRDA:343,51,0,0
BRDA:343,51,1,0
BRDA:371,52,0,0
BRDA:371,52,1,0
BRDA:375,53,0,0
BRDA:375,53,1,0
BRF:98
BRH:0
end_of_record
TN:
SF:src/controllers/health.controller.ts
FN:3,(anonymous_0)
FNF:1
FNH:1
FNDA:4,(anonymous_0)
DA:3,1
DA:4,4
LF:2
LH:2
BRF:0
BRH:0
end_of_record
TN:
SF:src/controllers/index.ts
FN:6,(anonymous_9)
FNF:1
FNH:0
FNDA:0,(anonymous_9)
DA:1,0
DA:2,0
DA:3,0
DA:4,0
DA:5,0
DA:6,0
LF:6
LH:0
BRF:0
BRH:0
end_of_record
TN:
SF:src/controllers/user.controller.ts
FN:5,(anonymous_9)
FN:14,(anonymous_10)
FN:23,(anonymous_11)
FN:40,(anonymous_12)
FN:63,(anonymous_13)
FN:85,(anonymous_14)
FNF:6
FNH:0
FNDA:0,(anonymous_9)
FNDA:0,(anonymous_10)
FNDA:0,(anonymous_11)
FNDA:0,(anonymous_12)
FNDA:0,(anonymous_13)
FNDA:0,(anonymous_14)
DA:2,0
DA:5,0
DA:6,0
DA:7,0
DA:8,0
DA:10,0
DA:14,0
DA:15,0
DA:16,0
DA:17,0
DA:19,0
DA:23,0
DA:24,0
DA:25,0
DA:26,0
DA:27,0
DA:33,0
DA:34,0
DA:36,0
DA:40,0
DA:41,0
DA:42,0
DA:43,0
DA:44,0
DA:50,0
DA:51,0
DA:53,0
DA:59,0
DA:63,0
DA:64,0
DA:65,0
DA:66,0
DA:67,0
DA:73,0
DA:74,0
DA:76,0
DA:81,0
DA:85,0
DA:86,0
DA:87,0
DA:88,0
DA:89,0
DA:95,0
DA:97,0
DA:102,0
LF:45
LH:0
BRDA:26,0,0,0
BRDA:26,0,1,0
BRDA:43,1,0,0
BRDA:43,1,1,0
BRDA:66,2,0,0
BRDA:66,2,1,0
BRDA:88,3,0,0
BRDA:88,3,1,0
BRF:8
BRH:0
end_of_record
TN:
SF:src/controllers/webhook.controller.ts
FN:17,(anonymous_0)
FN:21,(anonymous_1)
FN:81,(anonymous_2)
FN:110,(anonymous_3)
FN:146,(anonymous_4)
FN:157,(anonymous_5)
FNF:6
FNH:0
FNDA:0,(anonymous_0)
FNDA:0,(anonymous_1)
FNDA:0,(anonymous_2)
FNDA:0,(anonymous_3)
FNDA:0,(anonymous_4)
FNDA:0,(anonymous_5)
DA:2,0
DA:3,0
DA:4,0
DA:12,0
DA:13,0
DA:14,0
DA:15,0
DA:17,0
DA:21,0
DA:22,0
DA:24,0
DA:25,0
DA:28,0
DA:29,0
DA:30,0
DA:32,0
DA:33,0
DA:39,0
DA:44,0
DA:45,0
DA:46,0
DA:51,0
DA:54,0
DA:62,0
DA:65,0
DA:68,0
DA:70,0
DA:71,0
DA:74,0
DA:81,0
DA:82,0
DA:83,0
DA:84,0
DA:85,0
DA:88,0
DA:94,0
DA:99,0
DA:102,0
DA:103,0
DA:110,0
DA:111,0
DA:112,0
DA:113,0
DA:114,0
DA:117,0
DA:123,0
DA:124,0
DA:125,0
DA:128,0
DA:135,0
DA:138,0
DA:139,0
DA:146,0
DA:147,0
DA:158,0
DA:160,0
DA:162,0
DA:163,0
DA:167,0
DA:168,0
DA:169,0
DA:172,0
DA:179,0
DA:189,0
LF:64
LH:0
BRDA:28,0,0,0
BRDA:28,0,1,0
BRDA:28,1,0,0
BRDA:28,1,1,0
BRDA:32,2,0,0
BRDA:32,2,1,0
BRDA:45,3,0,0
BRDA:45,3,1,0
BRDA:45,4,0,0
BRDA:45,4,1,0
BRDA:70,5,0,0
BRDA:70,5,1,0
BRDA:84,6,0,0
BRDA:84,6,1,0
BRDA:113,7,0,0
BRDA:113,7,1,0
BRDA:130,8,0,0
BRDA:130,8,1,0
BRDA:160,9,0,0
BRDA:160,9,1,0
BRDA:174,10,0,0
BRDA:174,10,1,0
BRF:22
BRH:0
end_of_record
TN:
SF:src/controllers/workflow.controller.ts
FN:17,(anonymous_0)
FN:41,(anonymous_1)
FN:71,(anonymous_2)
FN:95,(anonymous_3)
FN:119,(anonymous_4)
FN:144,(anonymous_5)
FN:177,(anonymous_6)
FN:202,(anonymous_7)
FN:226,(anonymous_8)
FN:244,(anonymous_9)
FNF:10
FNH:0
FNDA:0,(anonymous_0)
FNDA:0,(anonymous_1)
FNDA:0,(anonymous_2)
FNDA:0,(anonymous_3)
FNDA:0,(anonymous_4)
FNDA:0,(anonymous_5)
FNDA:0,(anonymous_6)
FNDA:0,(anonymous_7)
FNDA:0,(anonymous_8)
FNDA:0,(anonymous_9)
DA:2,0
DA:3,0
DA:9,0
DA:10,0
DA:11,0
DA:17,0
DA:18,0
DA:19,0
DA:20,0
DA:24,0
DA:26,0
DA:28,0
DA:41,0
DA:42,0
DA:43,0
DA:44,0
DA:48,0
DA:50,0
DA:52,0
DA:71,0
DA:72,0
DA:73,0
DA:74,0
DA:78,0
DA:80,0
DA:82,0
DA:95,0
DA:96,0
DA:97,0
DA:98,0
DA:102,0
DA:104,0
DA:106,0
DA:119,0
DA:120,0
DA:121,0
DA:122,0
DA:126,0
DA:127,0
DA:129,0
DA:131,0
DA:144,0
DA:145,0
DA:146,0
DA:147,0
DA:151,0
DA:152,0
DA:154,0
DA:155,0
DA:162,0
DA:164,0
DA:177,0
DA:178,0
DA:179,0
DA:180,0
DA:184,0
DA:185,0
DA:187,0
DA:189,0
DA:202,0
DA:203,0
DA:204,0
DA:205,0
DA:209,0
DA:211,0
DA:213,0
DA:226,0
DA:227,0
DA:228,0
DA:229,0
DA:233,0
DA:235,0
DA:237,0
DA:244,0
DA:245,0
DA:246,0
DA:247,0
DA:250,0
DA:252,0
DA:253,0
DA:260,0
DA:262,0
LF:82
LH:0
BRDA:19,0,0,0
BRDA:19,0,1,0
BRDA:43,1,0,0
BRDA:43,1,1,0
BRDA:73,2,0,0
BRDA:73,2,1,0
BRDA:97,3,0,0
BRDA:97,3,1,0
BRDA:121,4,0,0
BRDA:121,4,1,0
BRDA:146,5,0,0
BRDA:146,5,1,0
BRDA:154,6,0,0
BRDA:154,6,1,0
BRDA:179,7,0,0
BRDA:179,7,1,0
BRDA:204,8,0,0
BRDA:204,8,1,0
BRDA:228,9,0,0
BRDA:228,9,1,0
BRDA:246,10,0,0
BRDA:246,10,1,0
BRDA:252,11,0,0
BRDA:252,11,1,0
BRF:24
BRH:0
end_of_record
TN:
SF:src/middleware/auth.middleware.ts
FN:5,(anonymous_1)
FN:53,(anonymous_2)
FNF:2
FNH:0
FNDA:0,(anonymous_1)
FNDA:0,(anonymous_2)
DA:2,0
DA:3,0
DA:5,0
DA:6,0
DA:7,0
DA:8,0
DA:17,0
DA:18,0
DA:19,0
DA:28,0
DA:29,0
DA:30,0
DA:31,0
DA:33,0
DA:34,0
DA:43,0
DA:53,0
DA:54,0
DA:55,0
DA:56,0
DA:59,0
DA:60,0
DA:61,0
DA:64,0
DA:65,0
DA:66,0
DA:71,0
LF:27
LH:0
BRDA:7,0,0,0
BRDA:7,0,1,0
BRDA:7,1,0,0
BRDA:7,1,1,0
BRDA:18,2,0,0
BRDA:18,2,1,0
BRDA:33,3,0,0
BRDA:33,3,1,0
BRDA:55,4,0,0
BRDA:55,4,1,0
BRDA:55,5,0,0
BRDA:55,5,1,0
BRDA:60,6,0,0
BRDA:60,6,1,0
BRF:14
BRH:0
end_of_record
TN:
SF:src/middleware/error.middleware.ts
FN:6,(anonymous_0)
FN:32,(anonymous_1)
FNF:2
FNH:0
FNDA:0,(anonymous_0)
FNDA:0,(anonymous_1)
DA:2,0
DA:3,0
DA:4,0
DA:6,0
DA:8,0
DA:16,0
DA:17,0
DA:31,0
DA:32,0
DA:38,0
DA:52,0
DA:53,0
DA:54,0
DA:56,0
DA:58,0
DA:59,0
DA:60,0
DA:62,0
DA:63,0
DA:64,0
DA:66,0
DA:67,0
DA:68,0
DA:71,0
DA:84,0
DA:85,0
DA:97,0
DA:98,0
DA:111,0
DA:112,0
LF:30
LH:0
BRDA:16,0,0,0
BRDA:16,0,1,0
BRDA:22,1,0,0
BRDA:22,1,1,0
BRDA:31,2,0,0
BRDA:31,2,1,0
BRDA:52,3,0,0
BRDA:52,3,1,0
BRDA:52,4,0,0
BRDA:52,4,1,0
BRDA:56,5,0,0
BRDA:56,5,1,0
BRDA:56,5,2,0
BRDA:84,6,0,0
BRDA:84,6,1,0
BRDA:97,7,0,0
BRDA:97,7,1,0
BRDA:111,8,0,0
BRDA:111,8,1,0
BRDA:111,8,2,0
BRDA:116,9,0,0
BRDA:116,9,1,0
BRDA:118,10,0,0
BRDA:118,10,1,0
BRF:24
BRH:0
end_of_record
TN:
SF:src/middleware/index.ts
FN:9,(anonymous_4)
FN:10,(anonymous_5)
FN:11,(anonymous_6)
FN:12,(anonymous_7)
FN:13,(anonymous_8)
FN:14,(anonymous_9)
FNF:6
FNH:0
FNDA:0,(anonymous_4)
FNDA:0,(anonymous_5)
FNDA:0,(anonymous_6)
FNDA:0,(anonymous_7)
FNDA:0,(anonymous_8)
FNDA:0,(anonymous_9)
DA:1,0
DA:2,0
DA:3,0
DA:4,0
DA:5,0
DA:6,0
DA:8,0
DA:9,0
DA:10,0
DA:11,0
DA:12,0
DA:13,0
DA:14,0
LF:13
LH:0
BRF:0
BRH:0
end_of_record
TN:
SF:src/middleware/logger.middleware.ts
FN:6,(anonymous_1)
FNF:1
FNH:0
FNDA:0,(anonymous_1)
DA:1,0
DA:2,0
DA:4,0
DA:6,0
LF:4
LH:0
BRF:0
BRH:0
end_of_record
TN:
SF:src/middleware/notFound.middleware.ts
FN:3,(anonymous_0)
FNF:1
FNH:0
FNDA:0,(anonymous_0)
DA:3,0
DA:4,0
LF:2
LH:0
BRF:0
BRH:0
end_of_record
TN:
SF:src/middleware/rateLimiter.middleware.ts
FN:16,rateLimiter
FN:37,(anonymous_2)
FN:53,(anonymous_3)
FNF:3
FNH:0
FNDA:0,rateLimiter
FNDA:0,(anonymous_2)
FNDA:0,(anonymous_3)
DA:1,0
DA:3,0
DA:16,0
DA:23,0
DA:25,0
DA:38,0
DA:45,0
DA:55,0
DA:61,0
DA:67,0
DA:73,0
LF:11
LH:0
BRDA:16,0,0,0
BRDA:18,1,0,0
BRDA:19,2,0,0
BRDA:20,3,0,0
BRDA:21,4,0,0
BRDA:22,5,0,0
BRF:6
BRH:0
end_of_record
TN:
SF:src/middleware/validate.middleware.ts
FN:4,(anonymous_0)
FN:4,(anonymous_1)
FNF:2
FNH:0
FNDA:0,(anonymous_0)
FNDA:0,(anonymous_1)
DA:4,0
DA:5,0
DA:6,0
DA:7,0
DA:9,0
LF:5
LH:0
BRF:0
BRH:0
end_of_record
TN:
SF:src/middleware/validation.middleware.ts
FN:8,(anonymous_0)
FN:9,(anonymous_1)
FN:20,(anonymous_2)
FN:47,(anonymous_3)
FN:52,(anonymous_4)
FN:57,(anonymous_5)
FN:62,(anonymous_6)
FN:88,(anonymous_7)
FNF:8
FNH:0
FNDA:0,(anonymous_0)
FNDA:0,(anonymous_1)
FNDA:0,(anonymous_2)
FNDA:0,(anonymous_3)
FNDA:0,(anonymous_4)
FNDA:0,(anonymous_5)
FNDA:0,(anonymous_6)
FNDA:0,(anonymous_7)
DA:2,0
DA:3,0
DA:8,0
DA:9,0
DA:10,0
DA:11,0
DA:12,0
DA:15,0
DA:17,0
DA:19,0
DA:20,0
DA:26,0
DA:39,0
DA:47,0
DA:52,0
DA:57,0
DA:62,0
DA:63,0
DA:64,0
DA:65,0
DA:67,0
DA:68,0
DA:71,0
DA:72,0
DA:76,0
DA:77,0
DA:79,0
DA:81,0
DA:88,0
DA:89,0
DA:91,0
DA:92,0
DA:94,0
DA:95,0
DA:104,0
DA:105,0
DA:114,0
DA:115,0
DA:117,0
LF:39
LH:0
BRDA:8,0,0,0
BRDA:19,1,0,0
BRDA:19,1,1,0
BRDA:67,2,0,0
BRDA:67,2,1,0
BRDA:71,3,0,0
BRDA:71,3,1,0
BRDA:89,4,0,0
BRDA:89,5,0,0
BRDA:94,6,0,0
BRDA:94,6,1,0
BRDA:94,7,0,0
BRDA:94,7,1,0
BRDA:104,8,0,0
BRDA:104,8,1,0
BRDA:104,9,0,0
BRDA:104,9,1,0
BRDA:104,9,2,0
BRF:18
BRH:0
end_of_record
TN:
SF:src/repositories/execution.repository.ts
FN:17,(anonymous_0)
FN:47,(anonymous_1)
FN:72,(anonymous_2)
FN:103,(anonymous_3)
FN:120,(anonymous_4)
FN:129,(anonymous_5)
FN:218,(anonymous_6)
FN:229,(anonymous_7)
FN:240,(anonymous_8)
FN:282,(anonymous_9)
FN:294,(anonymous_10)
FN:299,(anonymous_11)
FN:326,(anonymous_12)
FN:352,(anonymous_13)
FN:374,(anonymous_14)
FN:406,(anonymous_15)
FN:413,(anonymous_16)
FNF:17
FNH:0
FNDA:0,(anonymous_0)
FNDA:0,(anonymous_1)
FNDA:0,(anonymous_2)
FNDA:0,(anonymous_3)
FNDA:0,(anonymous_4)
FNDA:0,(anonymous_5)
FNDA:0,(anonymous_6)
FNDA:0,(anonymous_7)
FNDA:0,(anonymous_8)
FNDA:0,(anonymous_9)
FNDA:0,(anonymous_10)
FNDA:0,(anonymous_11)
FNDA:0,(anonymous_12)
FNDA:0,(anonymous_13)
FNDA:0,(anonymous_14)
FNDA:0,(anonymous_15)
FNDA:0,(anonymous_16)
DA:1,0
DA:2,0
DA:13,0
DA:18,0
DA:48,0
DA:73,0
DA:104,0
DA:110,0
DA:111,0
DA:114,0
DA:121,0
DA:134,0
DA:137,0
DA:138,0
DA:141,0
DA:142,0
DA:145,0
DA:146,0
DA:149,0
DA:150,0
DA:151,0
DA:152,0
DA:154,0
DA:155,0
DA:159,0
DA:160,0
DA:161,0
DA:162,0
DA:164,0
DA:165,0
DA:170,0
DA:171,0
DA:174,0
DA:202,0
DA:204,0
DA:223,0
DA:234,0
DA:241,0
DA:243,0
DA:244,0
DA:247,0
DA:248,0
DA:258,0
DA:282,0
DA:283,0
DA:284,0
DA:286,0
DA:289,0
DA:294,0
DA:295,0
DA:296,0
DA:299,0
DA:300,0
DA:304,0
DA:305,0
DA:307,0
DA:326,0
DA:331,0
DA:338,0
DA:356,0
DA:375,0
DA:379,0
DA:380,0
DA:383,0
DA:407,0
DA:418,0
DA:424,0
DA:425,0
DA:428,0
DA:437,0
DA:442,0
LF:71
LH:0
BRDA:22,0,0,0
BRDA:22,0,1,0
BRDA:78,1,0,0
BRDA:78,1,1,0
BRDA:78,2,0,0
BRDA:78,2,1,0
BRDA:79,3,0,0
BRDA:79,3,1,0
BRDA:110,4,0,0
BRDA:110,4,1,0
BRDA:130,5,0,0
BRDA:131,6,0,0
BRDA:132,7,0,0
BRDA:137,8,0,0
BRDA:137,8,1,0
BRDA:141,9,0,0
BRDA:141,9,1,0
BRDA:145,10,0,0
BRDA:145,10,1,0
BRDA:149,11,0,0
BRDA:149,11,1,0
BRDA:149,12,0,0
BRDA:149,12,1,0
BRDA:151,13,0,0
BRDA:151,13,1,0
BRDA:154,14,0,0
BRDA:154,14,1,0
BRDA:159,15,0,0
BRDA:159,15,1,0
BRDA:159,16,0,0
BRDA:159,16,1,0
BRDA:161,17,0,0
BRDA:161,17,1,0
BRDA:164,18,0,0
BRDA:164,18,1,0
BRDA:220,19,0,0
BRDA:221,20,0,0
BRDA:231,21,0,0
BRDA:232,22,0,0
BRDA:240,23,0,0
BRDA:243,24,0,0
BRDA:243,24,1,0
BRDA:247,25,0,0
BRDA:247,25,1,0
BRDA:283,26,0,0
BRDA:283,26,1,0
BRDA:289,27,0,0
BRDA:289,27,1,0
BRDA:320,28,0,0
BRDA:320,28,1,0
BRDA:321,29,0,0
BRDA:321,29,1,0
BRDA:342,30,0,0
BRDA:342,30,1,0
BRDA:354,31,0,0
BRDA:379,32,0,0
BRDA:379,32,1,0
BRDA:424,33,0,0
BRDA:424,33,1,0
BRF:59
BRH:0
end_of_record
TN:
SF:src/repositories/index.ts
FN:2,(anonymous_9)
FN:2,(anonymous_10)
FN:3,(anonymous_11)
FN:3,(anonymous_12)
FNF:4
FNH:0
FNDA:0,(anonymous_9)
FNDA:0,(anonymous_10)
FNDA:0,(anonymous_11)
FNDA:0,(anonymous_12)
DA:1,0
DA:2,0
DA:3,0
DA:4,0
LF:4
LH:0
BRF:0
BRH:0
end_of_record
TN:
SF:src/repositories/refreshToken.repository.ts
FN:4,(anonymous_0)
FN:12,(anonymous_1)
FN:19,(anonymous_2)
FN:23,(anonymous_3)
FN:27,(anonymous_4)
FN:37,(anonymous_5)
FNF:6
FNH:0
FNDA:0,(anonymous_0)
FNDA:0,(anonymous_1)
FNDA:0,(anonymous_2)
FNDA:0,(anonymous_3)
FNDA:0,(anonymous_4)
FNDA:0,(anonymous_5)
DA:1,0
DA:4,0
DA:9,0
DA:12,0
DA:13,0
DA:19,0
DA:20,0
DA:23,0
DA:24,0
DA:27,0
DA:28,0
DA:37,0
DA:38,0
LF:13
LH:0
BRF:0
BRH:0
end_of_record
TN:
SF:src/repositories/user.repository.ts
FN:4,(anonymous_0)
FN:8,(anonymous_1)
FN:12,(anonymous_2)
FN:16,(anonymous_3)
FN:23,(anonymous_4)
FN:27,(anonymous_5)
FNF:6
FNH:0
FNDA:0,(anonymous_0)
FNDA:0,(anonymous_1)
FNDA:0,(anonymous_2)
FNDA:0,(anonymous_3)
FNDA:0,(anonymous_4)
FNDA:0,(anonymous_5)
DA:1,0
DA:4,0
DA:5,0
DA:8,0
DA:9,0
DA:12,0
DA:13,0
DA:16,0
DA:17,0
DA:23,0
DA:24,0
DA:27,0
DA:28,0
LF:13
LH:0
BRF:0
BRH:0
end_of_record
TN:
SF:src/repositories/workflow.repository.ts
FN:9,(anonymous_0)
FN:33,(anonymous_1)
FN:51,(anonymous_2)
FN:72,(anonymous_3)
FN:126,(anonymous_4)
FN:156,(anonymous_5)
FN:181,(anonymous_6)
FN:188,(anonymous_7)
FN:219,(anonymous_8)
FN:237,(anonymous_9)
FN:270,(anonymous_10)
FN:282,(anonymous_11)
FNF:12
FNH:0
FNDA:0,(anonymous_0)
FNDA:0,(anonymous_1)
FNDA:0,(anonymous_2)
FNDA:0,(anonymous_3)
FNDA:0,(anonymous_4)
FNDA:0,(anonymous_5)
FNDA:0,(anonymous_6)
FNDA:0,(anonymous_7)
FNDA:0,(anonymous_8)
FNDA:0,(anonymous_9)
FNDA:0,(anonymous_10)
FNDA:0,(anonymous_11)
DA:1,0
DA:2,0
DA:5,0
DA:10,0
DA:34,0
DA:52,0
DA:76,0
DA:77,0
DA:80,0
DA:92,0
DA:96,0
DA:120,0
DA:128,0
DA:129,0
DA:130,0
DA:133,0
DA:158,0
DA:159,0
DA:160,0
DA:163,0
DA:182,0
DA:190,0
DA:191,0
DA:192,0
DA:196,0
DA:205,0
DA:206,0
DA:209,0
DA:213,0
DA:220,0
DA:238,0
DA:239,0
DA:240,0
DA:243,0
DA:251,0
DA:255,0
DA:266,0
DA:271,0
DA:272,0
DA:283,0
DA:291,0
DA:296,0
LF:42
LH:0
BRDA:15,0,0,0
BRDA:15,0,1,0
BRDA:82,1,0,0
BRDA:82,1,1,0
BRDA:83,2,0,0
BRDA:83,2,1,0
BRDA:129,3,0,0
BRDA:129,3,1,0
BRDA:136,4,0,0
BRDA:136,4,1,0
BRDA:137,5,0,0
BRDA:137,5,1,0
BRDA:138,6,0,0
BRDA:138,6,1,0
BRDA:139,7,0,0
BRDA:139,7,1,0
BRDA:159,8,0,0
BRDA:159,8,1,0
BRDA:191,9,0,0
BRDA:191,9,1,0
BRDA:205,10,0,0
BRDA:205,10,1,0
BRDA:239,11,0,0
BRDA:239,11,1,0
BRF:24
BRH:0
end_of_record
TN:
SF:src/routes/execution.routes.ts
FNF:0
FNH:0
DA:1,0
DA:2,0
DA:17,0
DA:18,0
DA:19,0
DA:21,0
DA:24,0
DA:31,0
DA:46,0
DA:55,0
DA:62,0
DA:72,0
DA:75,0
DA:78,0
DA:79,0
DA:80,0
DA:81,0
DA:82,0
DA:83,0
DA:86,0
DA:87,0
DA:88,0
DA:89,0
DA:92,0
DA:93,0
DA:95,0
LF:26
LH:0
BRF:0
BRH:0
end_of_record
TN:
SF:src/routes/webhook.routes.ts
FNF:0
FNH:0
DA:1,0
DA:2,0
DA:3,0
DA:5,0
DA:63,0
DA:92,0
DA:125,0
DA:154,0
DA:156,0
LF:9
LH:0
BRF:0
BRH:0
end_of_record
TN:
SF:src/routes/workflow.routes.ts
FNF:0
FNH:0
DA:1,0
DA:2,0
DA:14,0
DA:15,0
DA:21,0
DA:28,0
DA:31,0
DA:71,0
DA:122,0
DA:151,0
DA:175,0
DA:199,0
DA:244,0
DA:282,0
DA:315,0
DA:339,0
DA:365,0
DA:367,0
LF:18
LH:0
BRF:0
BRH:0
end_of_record
TN:
SF:src/schemas/workflow.schema.ts
FNF:0
FNH:0
DA:1,0
DA:2,0
DA:5,0
DA:16,0
DA:23,0
DA:36,0
DA:44,0
DA:52,0
DA:62,0
LF:9
LH:0
BRF:0
BRH:0
end_of_record
TN:
SF:src/services/auth.service.ts
FN:8,(anonymous_1)
FN:20,(anonymous_2)
FN:30,(anonymous_3)
FN:53,(anonymous_4)
FN:61,(anonymous_5)
FN:65,(anonymous_6)
FN:69,generateTokens
FNF:7
FNH:0
FNDA:0,(anonymous_1)
FNDA:0,(anonymous_2)
FNDA:0,(anonymous_3)
FNDA:0,(anonymous_4)
FNDA:0,(anonymous_5)
FNDA:0,(anonymous_6)
FNDA:0,generateTokens
DA:1,0
DA:2,0
DA:3,0
DA:4,0
DA:5,0
DA:8,0
DA:9,0
DA:10,0
DA:12,0
DA:13,0
DA:20,0
DA:21,0
DA:22,0
DA:24,0
DA:25,0
DA:27,0
DA:30,0
DA:32,0
DA:33,0
DA:34,0
DA:38,0
DA:40,0
DA:41,0
DA:45,0
DA:48,0
DA:50,0
DA:53,0
DA:54,0
DA:55,0
DA:61,0
DA:62,0
DA:65,0
DA:66,0
DA:70,0
DA:75,0
DA:78,0
DA:79,0
DA:82,0
DA:88,0
LF:39
LH:0
BRDA:10,0,0,0
BRDA:10,0,1,0
BRDA:16,1,0,0
BRDA:16,1,1,0
BRDA:22,2,0,0
BRDA:22,2,1,0
BRDA:25,3,0,0
BRDA:25,3,1,0
BRDA:33,4,0,0
BRDA:33,4,1,0
BRDA:38,5,0,0
BRDA:38,5,1,0
BRF:12
BRH:0
end_of_record
TN:
SF:src/services/execution.service.ts
FN:23,(anonymous_1)
FN:53,(anonymous_2)
FN:141,(anonymous_3)
FN:184,(anonymous_4)
FN:259,(anonymous_5)
FN:311,(anonymous_6)
FN:355,(anonymous_7)
FN:362,(anonymous_8)
FN:369,(anonymous_9)
FN:423,(anonymous_10)
FN:457,(anonymous_11)
FN:484,(anonymous_12)
FN:523,(anonymous_13)
FN:539,(anonymous_14)
FN:554,(anonymous_15)
FN:569,(anonymous_16)
FN:603,(anonymous_17)
FN:645,(anonymous_18)
FN:677,(anonymous_19)
FN:715,(anonymous_20)
FN:748,(anonymous_21)
FN:804,(anonymous_22)
FN:807,(anonymous_23)
FNF:23
FNH:0
FNDA:0,(anonymous_1)
FNDA:0,(anonymous_2)
FNDA:0,(anonymous_3)
FNDA:0,(anonymous_4)
FNDA:0,(anonymous_5)
FNDA:0,(anonymous_6)
FNDA:0,(anonymous_7)
FNDA:0,(anonymous_8)
FNDA:0,(anonymous_9)
FNDA:0,(anonymous_10)
FNDA:0,(anonymous_11)
FNDA:0,(anonymous_12)
FNDA:0,(anonymous_13)
FNDA:0,(anonymous_14)
FNDA:0,(anonymous_15)
FNDA:0,(anonymous_16)
FNDA:0,(anonymous_17)
FNDA:0,(anonymous_18)
FNDA:0,(anonymous_19)
FNDA:0,(anonymous_20)
FNDA:0,(anonymous_21)
FNDA:0,(anonymous_22)
FNDA:0,(anonymous_23)
DA:1,0
DA:2,0
DA:3,0
DA:13,0
DA:14,0
DA:15,0
DA:16,0
DA:17,0
DA:19,0
DA:24,0
DA:25,0
DA:26,0
DA:30,0
DA:31,0
DA:32,0
DA:41,0
DA:43,0
DA:54,0
DA:55,0
DA:56,0
DA:57,0
DA:60,0
DA:61,0
DA:62,0
DA:63,0
DA:66,0
DA:70,0
DA:72,0
DA:79,0
DA:82,0
DA:88,0
DA:91,0
DA:100,0
DA:101,0
DA:104,0
DA:112,0
DA:113,0
DA:117,0
DA:130,0
DA:142,0
DA:144,0
DA:145,0
DA:146,0
DA:153,0
DA:154,0
DA:162,0
DA:164,0
DA:170,0
DA:172,0
DA:177,0
DA:185,0
DA:187,0
DA:195,0
DA:196,0
DA:197,0
DA:199,0
DA:201,0
DA:216,0
DA:217,0
DA:222,0
DA:228,0
DA:231,0
DA:232,0
DA:234,0
DA:240,0
DA:247,0
DA:252,0
DA:265,0
DA:266,0
DA:272,0
DA:274,0
DA:282,0
DA:284,0
DA:285,0
DA:287,0
DA:288,0
DA:290,0
DA:291,0
DA:293,0
DA:294,0
DA:297,0
DA:299,0
DA:304,0
DA:317,0
DA:318,0
DA:325,0
DA:327,0
DA:335,0
DA:336,0
DA:337,0
DA:338,0
DA:341,0
DA:343,0
DA:348,0
DA:356,0
DA:363,0
DA:370,0
DA:371,0
DA:372,0
DA:373,0
DA:381,0
DA:382,0
DA:390,0
DA:391,0
DA:398,0
DA:401,0
DA:403,0
DA:409,0
DA:411,0
DA:416,0
DA:424,0
DA:425,0
DA:426,0
DA:427,0
DA:435,0
DA:436,0
DA:443,0
DA:445,0
DA:450,0
DA:463,0
DA:465,0
DA:470,0
DA:472,0
DA:477,0
DA:490,0
DA:492,0
DA:493,0
DA:494,0
DA:501,0
DA:502,0
DA:509,0
DA:511,0
DA:516,0
DA:524,0
DA:525,0
DA:527,0
DA:532,0
DA:540,0
DA:541,0
DA:543,0
DA:547,0
DA:555,0
DA:556,0
DA:558,0
DA:562,0
DA:570,0
DA:572,0
DA:573,0
DA:574,0
DA:581,0
DA:582,0
DA:589,0
DA:591,0
DA:596,0
DA:604,0
DA:605,0
DA:608,0
DA:609,0
DA:617,0
DA:618,0
DA:624,0
DA:631,0
DA:633,0
DA:638,0
DA:646,0
DA:648,0
DA:651,0
DA:659,0
DA:666,0
DA:678,0
DA:680,0
DA:683,0
DA:691,0
DA:696,0
DA:703,0
DA:716,0
DA:717,0
DA:720,0
DA:721,0
DA:728,0
DA:730,0
DA:736,0
DA:741,0
DA:754,0
DA:755,0
DA:756,0
DA:757,0
DA:758,0
DA:761,0
DA:763,0
DA:771,0
DA:783,0
DA:790,0
DA:795,0
DA:801,0
DA:804,0
DA:805,0
DA:807,0
DA:808,0
LF:199
LH:0
BRDA:25,0,0,0
BRDA:25,0,1,0
BRDA:31,1,0,0
BRDA:31,1,1,0
BRDA:45,2,0,0
BRDA:45,2,1,0
BRDA:55,3,0,0
BRDA:55,3,1,0
BRDA:61,4,0,0
BRDA:61,4,1,0
BRDA:66,5,0,0
BRDA:66,5,1,0
BRDA:66,6,0,0
BRDA:66,6,1,0
BRDA:70,7,0,0
BRDA:70,7,1,0
BRDA:70,7,2,0
BRDA:70,7,3,0
BRDA:107,8,0,0
BRDA:107,8,1,0
BRDA:120,9,0,0
BRDA:120,9,1,0
BRDA:124,10,0,0
BRDA:124,10,1,0
BRDA:125,11,0,0
BRDA:125,11,1,0
BRDA:133,12,0,0
BRDA:133,12,1,0
BRDA:145,13,0,0
BRDA:145,13,1,0
BRDA:153,14,0,0
BRDA:153,14,1,0
BRDA:175,15,0,0
BRDA:175,15,1,0
BRDA:184,16,0,0
BRDA:216,17,0,0
BRDA:216,17,1,0
BRDA:228,18,0,0
BRDA:228,18,1,0
BRDA:231,19,0,0
BRDA:231,19,1,0
BRDA:250,20,0,0
BRDA:250,20,1,0
BRDA:282,21,0,0
BRDA:282,21,1,0
BRDA:282,21,2,0
BRDA:282,21,3,0
BRDA:302,22,0,0
BRDA:302,22,1,0
BRDA:335,23,0,0
BRDA:335,23,1,0
BRDA:337,24,0,0
BRDA:337,24,1,0
BRDA:346,25,0,0
BRDA:346,25,1,0
BRDA:372,26,0,0
BRDA:372,26,1,0
BRDA:381,27,0,0
BRDA:381,27,1,0
BRDA:390,28,0,0
BRDA:390,28,1,0
BRDA:414,29,0,0
BRDA:414,29,1,0
BRDA:426,30,0,0
BRDA:426,30,1,0
BRDA:435,31,0,0
BRDA:435,31,1,0
BRDA:448,32,0,0
BRDA:448,32,1,0
BRDA:459,33,0,0
BRDA:460,34,0,0
BRDA:461,35,0,0
BRDA:475,36,0,0
BRDA:475,36,1,0
BRDA:487,37,0,0
BRDA:488,38,0,0
BRDA:493,39,0,0
BRDA:493,39,1,0
BRDA:501,40,0,0
BRDA:501,40,1,0
BRDA:514,41,0,0
BRDA:514,41,1,0
BRDA:523,42,0,0
BRDA:530,43,0,0
BRDA:530,43,1,0
BRDA:545,44,0,0
BRDA:545,44,1,0
BRDA:560,45,0,0
BRDA:560,45,1,0
BRDA:573,46,0,0
BRDA:573,46,1,0
BRDA:581,47,0,0
BRDA:581,47,1,0
BRDA:594,48,0,0
BRDA:594,48,1,0
BRDA:608,49,0,0
BRDA:608,49,1,0
BRDA:617,50,0,0
BRDA:617,50,1,0
BRDA:636,51,0,0
BRDA:636,51,1,0
BRDA:645,52,0,0
BRDA:669,53,0,0
BRDA:669,53,1,0
BRDA:691,54,0,0
BRDA:691,54,1,0
BRDA:707,55,0,0
BRDA:707,55,1,0
BRDA:720,56,0,0
BRDA:720,56,1,0
BRDA:739,57,0,0
BRDA:739,57,1,0
BRDA:756,58,0,0
BRDA:756,58,1,0
BRDA:761,59,0,0
BRDA:761,59,1,0
BRDA:793,60,0,0
BRDA:793,60,1,0
BRF:118
BRH:0
end_of_record
TN:
SF:src/services/executionQueue.service.ts
FN:41,(anonymous_0)
FN:57,(anonymous_1)
FN:84,(anonymous_2)
FN:103,(anonymous_3)
FN:105,(anonymous_4)
FN:142,(anonymous_5)
FN:153,(anonymous_6)
FN:163,(anonymous_7)
FN:178,(anonymous_8)
FN:189,(anonymous_9)
FN:195,(anonymous_10)
FN:205,(anonymous_11)
FN:247,(anonymous_12)
FN:273,(anonymous_13)
FN:316,(anonymous_14)
FN:334,(anonymous_15)
FN:343,(anonymous_16)
FNF:17
FNH:0
FNDA:0,(anonymous_0)
FNDA:0,(anonymous_1)
FNDA:0,(anonymous_2)
FNDA:0,(anonymous_3)
FNDA:0,(anonymous_4)
FNDA:0,(anonymous_5)
FNDA:0,(anonymous_6)
FNDA:0,(anonymous_7)
FNDA:0,(anonymous_8)
FNDA:0,(anonymous_9)
FNDA:0,(anonymous_10)
FNDA:0,(anonymous_11)
FNDA:0,(anonymous_12)
FNDA:0,(anonymous_13)
FNDA:0,(anonymous_14)
FNDA:0,(anonymous_15)
FNDA:0,(anonymous_16)
DA:1,0
DA:2,0
DA:3,0
DA:4,0
DA:6,0
DA:7,0
DA:31,0
DA:32,0
DA:33,0
DA:39,0
DA:42,0
DA:44,0
DA:45,0
DA:46,0
DA:47,0
DA:48,0
DA:51,0
DA:69,0
DA:84,0
DA:85,0
DA:86,0
DA:88,0
DA:91,0
DA:96,0
DA:97,0
DA:105,0
DA:106,0
DA:107,0
DA:108,0
DA:111,0
DA:112,0
DA:113,0
DA:117,0
DA:118,0
DA:119,0
DA:120,0
DA:122,0
DA:124,0
DA:126,0
DA:130,0
DA:131,0
DA:132,0
DA:133,0
DA:136,0
DA:143,0
DA:154,0
DA:156,0
DA:157,0
DA:164,0
DA:165,0
DA:168,0
DA:169,0
DA:170,0
DA:174,0
DA:175,0
DA:177,0
DA:178,0
DA:179,0
DA:180,0
DA:182,0
DA:186,0
DA:189,0
DA:196,0
DA:198,0
DA:199,0
DA:205,0
DA:206,0
DA:209,0
DA:212,0
DA:215,0
DA:218,0
DA:219,0
DA:222,0
DA:229,0
DA:230,0
DA:234,0
DA:235,0
DA:236,0
DA:237,0
DA:240,0
DA:248,0
DA:250,0
DA:251,0
DA:253,0
DA:255,0
DA:257,0
DA:261,0
DA:267,0
DA:274,0
DA:276,0
DA:279,0
DA:280,0
DA:281,0
DA:282,0
DA:284,0
DA:287,0
DA:294,0
DA:295,0
DA:299,0
DA:301,0
DA:308,0
DA:309,0
DA:317,0
DA:319,0
DA:328,0
DA:335,0
DA:336,0
DA:337,0
DA:344,0
DA:347,0
DA:348,0
DA:349,0
DA:350,0
DA:352,0
DA:356,0
DA:357,0
DA:359,0
DA:364,0
LF:118
LH:0
BRDA:41,0,0,0
BRDA:44,1,0,0
BRDA:44,1,1,0
BRDA:45,2,0,0
BRDA:45,2,1,0
BRDA:46,3,0,0
BRDA:46,3,1,0
BRDA:47,4,0,0
BRDA:47,4,1,0
BRDA:48,5,0,0
BRDA:48,5,1,0
BRDA:63,6,0,0
BRDA:77,7,0,0
BRDA:77,7,1,0
BRDA:78,8,0,0
BRDA:78,8,1,0
BRDA:80,9,0,0
BRDA:80,9,1,0
BRDA:85,10,0,0
BRDA:85,10,1,0
BRDA:106,11,0,0
BRDA:106,11,1,0
BRDA:118,12,0,0
BRDA:118,12,1,0
BRDA:154,13,0,0
BRDA:154,13,1,0
BRDA:164,14,0,0
BRDA:164,14,1,0
BRDA:169,15,0,0
BRDA:169,15,1,0
BRDA:175,16,0,0
BRDA:175,16,1,0
BRDA:235,17,0,0
BRDA:235,17,1,0
BRDA:279,18,0,0
BRDA:279,18,1,0
BRDA:279,19,0,0
BRDA:279,19,1,0
BRDA:299,20,0,0
BRDA:299,20,1,0
BRDA:317,21,0,0
BRDA:317,21,1,0
BRF:42
BRH:0
end_of_record
TN:
SF:src/services/index.ts
FN:3,(anonymous_9)
FN:3,(anonymous_10)
FN:4,(anonymous_11)
FN:4,(anonymous_12)
FN:5,(anonymous_13)
FN:5,(anonymous_14)
FN:6,(anonymous_15)
FN:6,(anonymous_16)
FN:7,(anonymous_17)
FN:7,(anonymous_18)
FN:8,(anonymous_19)
FN:8,(anonymous_20)
FNF:12
FNH:0
FNDA:0,(anonymous_9)
FNDA:0,(anonymous_10)
FNDA:0,(anonymous_11)
FNDA:0,(anonymous_12)
FNDA:0,(anonymous_13)
FNDA:0,(anonymous_14)
FNDA:0,(anonymous_15)
FNDA:0,(anonymous_16)
FNDA:0,(anonymous_17)
FNDA:0,(anonymous_18)
FNDA:0,(anonymous_19)
FNDA:0,(anonymous_20)
DA:1,0
DA:2,0
DA:3,0
DA:4,0
DA:5,0
DA:6,0
DA:7,0
DA:8,0
LF:8
LH:0
BRF:0
BRH:0
end_of_record
TN:
SF:src/services/n8n.service.ts
FN:22,(anonymous_1)
FN:34,(anonymous_2)
FN:41,(anonymous_3)
FN:49,(anonymous_4)
FN:55,(anonymous_5)
FN:65,(anonymous_6)
FN:92,(anonymous_7)
FN:105,(anonymous_8)
FN:127,(anonymous_9)
FN:140,(anonymous_10)
FN:162,(anonymous_11)
FN:182,(anonymous_12)
FN:195,(anonymous_13)
FN:208,(anonymous_14)
FN:219,(anonymous_15)
FN:229,(anonymous_16)
FN:240,(anonymous_17)
FN:262,(anonymous_18)
FNF:18
FNH:0
FNDA:0,(anonymous_1)
FNDA:0,(anonymous_2)
FNDA:0,(anonymous_3)
FNDA:0,(anonymous_4)
FNDA:0,(anonymous_5)
FNDA:0,(anonymous_6)
FNDA:0,(anonymous_7)
FNDA:0,(anonymous_8)
FNDA:0,(anonymous_9)
FNDA:0,(anonymous_10)
FNDA:0,(anonymous_11)
FNDA:0,(anonymous_12)
FNDA:0,(anonymous_13)
FNDA:0,(anonymous_14)
FNDA:0,(anonymous_15)
FNDA:0,(anonymous_16)
FNDA:0,(anonymous_17)
FNDA:0,(anonymous_18)
DA:1,0
DA:2,0
DA:14,0
DA:15,0
DA:17,0
DA:19,0
DA:20,0
DA:23,0
DA:33,0
DA:35,0
DA:39,0
DA:42,0
DA:43,0
DA:48,0
DA:50,0
DA:53,0
DA:56,0
DA:57,0
DA:69,0
DA:70,0
DA:79,0
DA:81,0
DA:82,0
DA:84,0
DA:85,0
DA:93,0
DA:94,0
DA:95,0
DA:97,0
DA:98,0
DA:106,0
DA:107,0
DA:109,0
DA:110,0
DA:113,0
DA:114,0
DA:117,0
DA:119,0
DA:120,0
DA:128,0
DA:129,0
DA:130,0
DA:132,0
DA:133,0
DA:141,0
DA:142,0
DA:150,0
DA:151,0
DA:152,0
DA:154,0
DA:155,0
DA:163,0
DA:164,0
DA:170,0
DA:171,0
DA:172,0
DA:174,0
DA:175,0
DA:183,0
DA:184,0
DA:185,0
DA:187,0
DA:188,0
DA:196,0
DA:197,0
DA:198,0
DA:200,0
DA:201,0
DA:212,0
DA:213,0
DA:215,0
DA:216,0
DA:217,0
DA:219,0
DA:220,0
DA:222,0
DA:230,0
DA:232,0
DA:234,0
DA:241,0
DA:242,0
DA:248,0
DA:249,0
DA:255,0
DA:263,0
DA:264,0
DA:266,0
DA:273,0
DA:274,0
DA:276,0
DA:277,0
DA:284,0
DA:285,0
DA:292,0
DA:293,0
DA:300,0
DA:301,0
DA:309,0
DA:318,0
LF:99
LH:0
BRDA:28,0,0,0
BRDA:28,0,1,0
BRDA:109,1,0,0
BRDA:109,1,1,0
BRDA:113,2,0,0
BRDA:113,2,1,0
BRDA:210,3,0,0
BRDA:215,4,0,0
BRDA:215,4,1,0
BRDA:215,5,0,0
BRDA:215,5,1,0
BRDA:230,6,0,0
BRDA:230,6,1,0
BRDA:232,7,0,0
BRDA:232,7,1,0
BRDA:232,7,2,0
BRDA:241,8,0,0
BRDA:241,8,1,0
BRDA:248,9,0,0
BRDA:248,9,1,0
BRDA:263,10,0,0
BRDA:263,10,1,0
BRDA:264,11,0,0
BRDA:264,11,1,0
BRDA:276,12,0,0
BRDA:276,12,1,0
BRDA:284,13,0,0
BRDA:284,13,1,0
BRDA:287,14,0,0
BRDA:287,14,1,0
BRDA:292,15,0,0
BRDA:292,15,1,0
BRDA:292,16,0,0
BRDA:292,16,1,0
BRDA:295,17,0,0
BRDA:295,17,1,0
BRDA:300,18,0,0
BRDA:300,18,1,0
BRF:38
BRH:0
end_of_record
TN:
SF:src/services/user.service.ts
FN:5,(anonymous_1)
FN:8,(anonymous_2)
FN:11,(anonymous_3)
FN:20,(anonymous_4)
FN:42,(anonymous_5)
FN:61,(anonymous_6)
FNF:6
FNH:0
FNDA:0,(anonymous_1)
FNDA:0,(anonymous_2)
FNDA:0,(anonymous_3)
FNDA:0,(anonymous_4)
FNDA:0,(anonymous_5)
FNDA:0,(anonymous_6)
DA:1,0
DA:2,0
DA:5,0
DA:6,0
DA:8,0
DA:11,0
DA:12,0
DA:13,0
DA:16,0
DA:17,0
DA:20,0
DA:22,0
DA:23,0
DA:24,0
DA:28,0
DA:29,0
DA:30,0
DA:31,0
DA:35,0
DA:38,0
DA:39,0
DA:42,0
DA:43,0
DA:44,0
DA:45,0
DA:49,0
DA:50,0
DA:51,0
DA:55,0
DA:58,0
DA:61,0
DA:62,0
DA:63,0
DA:64,0
DA:69,0
LF:35
LH:0
BRDA:13,0,0,0
BRDA:13,0,1,0
BRDA:23,1,0,0
BRDA:23,1,1,0
BRDA:28,2,0,0
BRDA:28,2,1,0
BRDA:28,3,0,0
BRDA:28,3,1,0
BRDA:30,4,0,0
BRDA:30,4,1,0
BRDA:44,5,0,0
BRDA:44,5,1,0
BRDA:50,6,0,0
BRDA:50,6,1,0
BRDA:63,7,0,0
BRDA:63,7,1,0
BRF:16
BRH:0
end_of_record
TN:
SF:src/services/websocket.service.ts
FN:14,(anonymous_0)
FN:26,(anonymous_1)
FN:54,(anonymous_2)
FN:74,(anonymous_3)
FN:103,(anonymous_4)
FN:132,(anonymous_5)
FN:152,(anonymous_6)
FN:172,(anonymous_7)
FN:179,(anonymous_8)
FNF:9
FNH:0
FNDA:0,(anonymous_0)
FNDA:0,(anonymous_1)
FNDA:0,(anonymous_2)
FNDA:0,(anonymous_3)
FNDA:0,(anonymous_4)
FNDA:0,(anonymous_5)
FNDA:0,(anonymous_6)
FNDA:0,(anonymous_7)
FNDA:0,(anonymous_8)
DA:1,0
DA:2,0
DA:13,0
DA:15,0
DA:16,0
DA:18,0
DA:19,0
DA:27,0
DA:28,0
DA:30,0
DA:32,0
DA:35,0
DA:38,0
DA:45,0
DA:47,0
DA:55,0
DA:56,0
DA:58,0
DA:60,0
DA:63,0
DA:65,0
DA:67,0
DA:75,0
DA:76,0
DA:78,0
DA:80,0
DA:83,0
DA:86,0
DA:94,0
DA:96,0
DA:104,0
DA:105,0
DA:107,0
DA:109,0
DA:112,0
DA:115,0
DA:123,0
DA:125,0
DA:133,0
DA:134,0
DA:136,0
DA:138,0
DA:141,0
DA:143,0
DA:145,0
DA:153,0
DA:154,0
DA:156,0
DA:157,0
DA:163,0
DA:165,0
DA:173,0
DA:180,0
DA:181,0
DA:183,0
DA:184,0
DA:186,0
DA:187,0
DA:193,0
LF:59
LH:0
BRDA:28,0,0,0
BRDA:28,0,1,0
BRDA:56,1,0,0
BRDA:56,1,1,0
BRDA:76,2,0,0
BRDA:76,2,1,0
BRDA:105,3,0,0
BRDA:105,3,1,0
BRDA:134,4,0,0
BRDA:134,4,1,0
BRDA:154,5,0,0
BRDA:154,5,1,0
BRDA:181,6,0,0
BRDA:181,6,1,0
BRF:14
BRH:0
end_of_record
TN:
SF:src/services/workflow.service.ts
FN:22,(anonymous_0)
FN:63,(anonymous_1)
FN:80,(anonymous_2)
FN:97,(anonymous_3)
FN:114,(anonymous_4)
FN:166,(anonymous_5)
FN:188,(anonymous_6)
FN:206,(anonymous_7)
FN:242,(anonymous_8)
FN:258,(anonymous_9)
FN:265,(anonymous_10)
FN:283,(anonymous_11)
FN:289,(anonymous_12)
FN:299,(anonymous_13)
FN:304,(anonymous_14)
FN:314,(anonymous_15)
FN:330,(anonymous_16)
FN:336,(anonymous_17)
FN:337,(anonymous_18)
FN:343,(anonymous_19)
FN:350,(anonymous_20)
FN:351,(anonymous_21)
FN:354,(anonymous_22)
FN:359,(anonymous_23)
FN:361,(anonymous_24)
FN:371,(anonymous_25)
FNF:26
FNH:0
FNDA:0,(anonymous_0)
FNDA:0,(anonymous_1)
FNDA:0,(anonymous_2)
FNDA:0,(anonymous_3)
FNDA:0,(anonymous_4)
FNDA:0,(anonymous_5)
FNDA:0,(anonymous_6)
FNDA:0,(anonymous_7)
FNDA:0,(anonymous_8)
FNDA:0,(anonymous_9)
FNDA:0,(anonymous_10)
FNDA:0,(anonymous_11)
FNDA:0,(anonymous_12)
FNDA:0,(anonymous_13)
FNDA:0,(anonymous_14)
FNDA:0,(anonymous_15)
FNDA:0,(anonymous_16)
FNDA:0,(anonymous_17)
FNDA:0,(anonymous_18)
FNDA:0,(anonymous_19)
FNDA:0,(anonymous_20)
FNDA:0,(anonymous_21)
FNDA:0,(anonymous_22)
FNDA:0,(anonymous_23)
FNDA:0,(anonymous_24)
FNDA:0,(anonymous_25)
DA:1,0
DA:2,0
DA:3,0
DA:15,0
DA:16,0
DA:18,0
DA:23,0
DA:25,0
DA:28,0
DA:30,0
DA:38,0
DA:40,0
DA:41,0
DA:43,0
DA:44,0
DA:45,0
DA:52,0
DA:64,0
DA:66,0
DA:67,0
DA:74,0
DA:81,0
DA:83,0
DA:84,0
DA:91,0
DA:98,0
DA:100,0
DA:102,0
DA:115,0
DA:118,0
DA:119,0
DA:120,0
DA:123,0
DA:130,0
DA:132,0
DA:133,0
DA:140,0
DA:141,0
DA:143,0
DA:144,0
DA:145,0
DA:147,0
DA:148,0
DA:155,0
DA:168,0
DA:169,0
DA:171,0
DA:173,0
DA:174,0
DA:181,0
DA:182,0
DA:189,0
DA:191,0
DA:192,0
DA:199,0
DA:200,0
DA:207,0
DA:208,0
DA:210,0
DA:211,0
DA:218,0
DA:220,0
DA:221,0
DA:222,0
DA:224,0
DA:225,0
DA:231,0
DA:243,0
DA:245,0
DA:252,0
DA:259,0
DA:266,0
DA:267,0
DA:270,0
DA:271,0
DA:273,0
DA:275,0
DA:276,0
DA:285,0
DA:288,0
DA:289,0
DA:296,0
DA:300,0
DA:303,0
DA:304,0
DA:305,0
DA:306,0
DA:307,0
DA:311,0
DA:315,0
DA:321,0
DA:322,0
DA:331,0
DA:332,0
DA:336,0
DA:337,0
DA:338,0
DA:339,0
DA:343,0
DA:344,0
DA:345,0
DA:351,0
DA:354,0
DA:355,0
DA:356,0
DA:359,0
DA:360,0
DA:361,0
DA:362,0
DA:363,0
DA:372,0
DA:386,0
LF:112
LH:0
BRDA:34,0,0,0
BRDA:34,0,1,0
BRDA:44,1,0,0
BRDA:44,1,1,0
BRDA:44,2,0,0
BRDA:44,2,1,0
BRDA:66,3,0,0
BRDA:66,3,1,0
BRDA:83,4,0,0
BRDA:83,4,1,0
BRDA:118,5,0,0
BRDA:118,5,1,0
BRDA:124,6,0,0
BRDA:124,6,1,0
BRDA:125,7,0,0
BRDA:125,7,1,0
BRDA:126,8,0,0
BRDA:126,8,1,0
BRDA:127,9,0,0
BRDA:127,9,1,0
BRDA:132,10,0,0
BRDA:132,10,1,0
BRDA:144,11,0,0
BRDA:144,11,1,0
BRDA:147,12,0,0
BRDA:147,12,1,0
BRDA:147,13,0,0
BRDA:147,13,1,0
BRDA:173,14,0,0
BRDA:173,14,1,0
BRDA:191,15,0,0
BRDA:191,15,1,0
BRDA:210,16,0,0
BRDA:210,16,1,0
BRDA:221,17,0,0
BRDA:221,17,1,0
BRDA:224,18,0,0
BRDA:224,18,1,0
BRDA:224,19,0,0
BRDA:224,19,1,0
BRDA:246,20,0,0
BRDA:246,20,1,0
BRDA:247,21,0,0
BRDA:247,21,1,0
BRDA:288,22,0,0
BRDA:288,22,1,0
BRDA:292,23,0,0
BRDA:292,23,1,0
BRDA:305,24,0,0
BRDA:305,24,1,0
BRDA:321,25,0,0
BRDA:321,25,1,0
BRDA:331,26,0,0
BRDA:331,26,1,0
BRDA:331,27,0,0
BRDA:331,27,1,0
BRDA:338,28,0,0
BRDA:338,28,1,0
BRDA:344,29,0,0
BRDA:344,29,1,0
BRDA:344,30,0,0
BRDA:344,30,1,0
BRDA:344,30,2,0
BRDA:355,31,0,0
BRDA:355,31,1,0
BRDA:360,32,0,0
BRDA:360,32,1,0
BRDA:362,33,0,0
BRDA:362,33,1,0
BRDA:375,34,0,0
BRDA:375,34,1,0
BRF:71
BRH:0
end_of_record
TN:
SF:src/services/workflowExecution.service.ts
FN:16,(anonymous_0)
FN:24,(anonymous_1)
FN:84,(anonymous_2)
FN:98,(anonymous_3)
FN:115,(anonymous_4)
FN:148,(anonymous_5)
FN:155,(anonymous_6)
FN:199,(anonymous_7)
FN:241,(anonymous_8)
FN:242,(anonymous_9)
FN:250,(anonymous_10)
FN:258,(anonymous_11)
FN:266,(anonymous_12)
FN:274,(anonymous_13)
FN:284,(anonymous_14)
FNF:15
FNH:0
FNDA:0,(anonymous_0)
FNDA:0,(anonymous_1)
FNDA:0,(anonymous_2)
FNDA:0,(anonymous_3)
FNDA:0,(anonymous_4)
FNDA:0,(anonymous_5)
FNDA:0,(anonymous_6)
FNDA:0,(anonymous_7)
FNDA:0,(anonymous_8)
FNDA:0,(anonymous_9)
FNDA:0,(anonymous_10)
FNDA:0,(anonymous_11)
FNDA:0,(anonymous_12)
FNDA:0,(anonymous_13)
FNDA:0,(anonymous_14)
DA:1,0
DA:2,0
DA:3,0
DA:4,0
DA:5,0
DA:6,0
DA:15,0
DA:18,0
DA:29,0
DA:31,0
DA:33,0
DA:34,0
DA:42,0
DA:50,0
DA:63,0
DA:70,0
DA:72,0
DA:77,0
DA:89,0
DA:106,0
DA:116,0
DA:118,0
DA:121,0
DA:123,0
DA:125,0
DA:128,0
DA:134,0
DA:136,0
DA:141,0
DA:149,0
DA:156,0
DA:158,0
DA:160,0
DA:161,0
DA:169,0
DA:178,0
DA:185,0
DA:187,0
DA:192,0
DA:207,0
DA:209,0
DA:210,0
DA:211,0
DA:219,0
DA:221,0
DA:230,0
DA:235,0
DA:242,0
DA:243,0
DA:250,0
DA:251,0
DA:258,0
DA:259,0
DA:266,0
DA:267,0
DA:274,0
DA:275,0
DA:285,0
DA:286,0
DA:291,0
LF:60
LH:0
BRDA:27,0,0,0
BRDA:33,1,0,0
BRDA:33,1,1,0
BRDA:75,2,0,0
BRDA:75,2,1,0
BRDA:123,3,0,0
BRDA:123,3,1,0
BRDA:139,4,0,0
BRDA:139,4,1,0
BRDA:160,5,0,0
BRDA:160,5,1,0
BRDA:190,6,0,0
BRDA:190,6,1,0
BRDA:216,7,0,0
BRDA:216,7,1,0
BRDA:224,8,0,0
BRDA:224,8,1,0
BRDA:276,9,0,0
BRDA:276,9,1,0
BRF:19
BRH:0
end_of_record
TN:
SF:src/utils/asyncHandler.util.ts
FN:4,(anonymous_0)
FN:5,(anonymous_1)
FNF:2
FNH:0
FNDA:0,(anonymous_0)
FNDA:0,(anonymous_1)
DA:3,0
DA:4,0
DA:5,0
DA:6,0
LF:4
LH:0
BRF:0
BRH:0
end_of_record
TN:
SF:src/utils/date.util.ts
FN:1,(anonymous_0)
FN:5,(anonymous_1)
FNF:2
FNH:0
FNDA:0,(anonymous_0)
FNDA:0,(anonymous_1)
DA:1,0
DA:2,0
DA:5,0
DA:6,0
DA:7,0
DA:8,0
LF:6
LH:0
BRF:0
BRH:0
end_of_record
TN:
SF:src/utils/errors.ts
FN:1,(anonymous_0)
FN:23,(anonymous_1)
FN:40,(anonymous_2)
FN:47,(anonymous_3)
FN:55,(anonymous_4)
FN:62,(anonymous_5)
FNF:6
FNH:0
FNDA:0,(anonymous_0)
FNDA:0,(anonymous_1)
FNDA:0,(anonymous_2)
FNDA:0,(anonymous_3)
FNDA:0,(anonymous_4)
FNDA:0,(anonymous_5)
DA:1,0
DA:3,0
DA:4,0
DA:5,0
DA:8,0
DA:9,0
DA:12,0
DA:13,0
DA:14,0
DA:15,0
DA:18,0
DA:19,0
DA:22,0
DA:24,0
DA:25,0
DA:26,0
DA:27,0
DA:29,0
DA:30,0
DA:33,0
DA:34,0
DA:39,0
DA:41,0
DA:42,0
DA:46,0
DA:48,0
DA:49,0
DA:50,0
DA:54,0
DA:56,0
DA:57,0
DA:61,0
DA:63,0
DA:64,0
LF:34
LH:0
BRDA:1,0,0,0
BRDA:1,0,1,0
BRDA:26,1,0,0
BRDA:33,2,0,0
BRDA:33,2,1,0
BRDA:48,3,0,0
BRDA:48,3,1,0
BRDA:55,4,0,0
BRDA:62,5,0,0
BRF:9
BRH:0
end_of_record
TN:
SF:src/utils/index.ts
FNF:0
FNH:0
DA:1,0
DA:2,0
DA:3,0
DA:4,0
DA:5,0
DA:6,0
DA:7,0
LF:7
LH:0
BRF:0
BRH:0
end_of_record
TN:
SF:src/utils/password.util.ts
FN:3,(anonymous_1)
FN:7,(anonymous_2)
FNF:2
FNH:0
FNDA:0,(anonymous_1)
FNDA:0,(anonymous_2)
DA:1,0
DA:3,0
DA:4,0
DA:7,0
DA:8,0
LF:5
LH:0
BRF:0
BRH:0
end_of_record
TN:
SF:src/utils/response.util.ts
FN:3,(anonymous_0)
FN:7,(anonymous_1)
FNF:2
FNH:0
FNDA:0,(anonymous_0)
FNDA:0,(anonymous_1)
DA:3,0
DA:4,0
DA:7,0
DA:8,0
LF:4
LH:0
BRDA:3,0,0,0
BRDA:7,1,0,0
BRF:2
BRH:0
end_of_record
TN:
SF:src/utils/token.util.ts
FN:4,(anonymous_1)
FN:10,(anonymous_2)
FN:16,(anonymous_3)
FNF:3
FNH:0
FNDA:0,(anonymous_1)
FNDA:0,(anonymous_2)
FNDA:0,(anonymous_3)
DA:1,0
DA:2,0
DA:4,0
DA:5,0
DA:10,0
DA:11,0
DA:16,0
DA:17,0
LF:8
LH:0
BRF:0
BRH:0
end_of_record
TN:
SF:src/utils/webhook.util.ts
FN:11,verifyWebhookSignature
FN:36,extractWebhookPayload
FN:66,validateWebhookPayload
FN:80,getExecutionStatusFromPayload
FN:95,getErrorMessageFromPayload
FN:102,getOutputDataFromPayload
FNF:6
FNH:0
FNDA:0,verifyWebhookSignature
FNDA:0,extractWebhookPayload
FNDA:0,validateWebhookPayload
FNDA:0,getExecutionStatusFromPayload
FNDA:0,getErrorMessageFromPayload
FNDA:0,getOutputDataFromPayload
DA:1,0
DA:4,0
DA:11,0
DA:16,0
DA:17,0
DA:23,0
DA:28,0
DA:29,0
DA:36,0
DA:37,0
DA:38,0
DA:41,0
DA:42,0
DA:43,0
DA:46,0
DA:58,0
DA:59,0
DA:66,0
DA:67,0
DA:80,0
DA:81,0
DA:82,0
DA:85,0
DA:86,0
DA:89,0
DA:95,0
DA:96,0
DA:102,0
DA:103,0
LF:29
LH:0
BRDA:41,0,0,0
BRDA:41,0,1,0
BRDA:41,1,0,0
BRDA:41,1,1,0
BRDA:52,2,0,0
BRDA:52,2,1,0
BRDA:68,3,0,0
BRDA:68,3,1,0
BRDA:68,3,2,0
BRDA:68,3,3,0
BRDA:68,3,4,0
BRDA:68,3,5,0
BRDA:81,4,0,0
BRDA:81,4,1,0
BRDA:85,5,0,0
BRDA:85,5,1,0
BRF:16
BRH:0
end_of_record
TN:
SF:src/websocket/socketServer.ts
FN:21,(anonymous_0)
FN:35,(anonymous_1)
FN:43,(anonymous_2)
FN:44,(anonymous_3)
FN:55,(anonymous_4)
FN:60,(anonymous_5)
FN:67,(anonymous_6)
FN:72,(anonymous_7)
FN:77,(anonymous_8)
FN:82,(anonymous_9)
FN:90,(anonymous_10)
FN:97,(anonymous_11)
FNF:12
FNH:0
FNDA:0,(anonymous_0)
FNDA:0,(anonymous_1)
FNDA:0,(anonymous_2)
FNDA:0,(anonymous_3)
FNDA:0,(anonymous_4)
FNDA:0,(anonymous_5)
FNDA:0,(anonymous_6)
FNDA:0,(anonymous_7)
FNDA:0,(anonymous_8)
FNDA:0,(anonymous_9)
FNDA:0,(anonymous_10)
FNDA:0,(anonymous_11)
DA:1,0
DA:4,0
DA:5,0
DA:6,0
DA:7,0
DA:18,0
DA:22,0
DA:31,0
DA:32,0
DA:37,0
DA:40,0
DA:44,0
DA:45,0
DA:46,0
DA:49,0
DA:52,0
DA:55,0
DA:56,0
DA:60,0
DA:61,0
DA:68,0
DA:73,0
DA:78,0
DA:83,0
DA:88,0
DA:90,0
DA:91,0
DA:92,0
DA:94,0
DA:97,0
DA:98,0
DA:99,0
DA:101,0
LF:33
LH:0
BRDA:24,0,0,0
BRDA:24,0,1,0
BRDA:91,1,0,0
BRDA:91,1,1,0
BRDA:98,2,0,0
BRDA:98,2,1,0
BRF:6
BRH:0
end_of_record
TN:
SF:src/websocket/handlers/execution.handlers.ts
FN:7,(anonymous_0)
FN:9,(anonymous_1)
FN:88,(anonymous_2)
FN:95,(anonymous_3)
FN:137,(anonymous_4)
FN:144,(anonymous_5)
FN:191,(anonymous_6)
FN:205,(anonymous_7)
FN:210,(anonymous_8)
FN:217,(anonymous_9)
FNF:10
FNH:0
FNDA:0,(anonymous_0)
FNDA:0,(anonymous_1)
FNDA:0,(anonymous_2)
FNDA:0,(anonymous_3)
FNDA:0,(anonymous_4)
FNDA:0,(anonymous_5)
FNDA:0,(anonymous_6)
FNDA:0,(anonymous_7)
FNDA:0,(anonymous_8)
FNDA:0,(anonymous_9)
DA:3,0
DA:4,0
DA:7,0
DA:9,0
DA:10,0
DA:11,0
DA:14,0
DA:16,0
DA:17,0
DA:21,0
DA:24,0
DA:25,0
DA:29,0
DA:33,0
DA:35,0
DA:38,0
DA:39,0
DA:41,0
DA:42,0
DA:44,0
DA:45,0
DA:47,0
DA:48,0
DA:51,0
DA:52,0
DA:54,0
DA:58,0
DA:68,0
DA:69,0
DA:78,0
DA:79,0
DA:88,0
DA:89,0
DA:90,0
DA:91,0
DA:95,0
DA:96,0
DA:97,0
DA:100,0
DA:102,0
DA:103,0
DA:107,0
DA:111,0
DA:113,0
DA:116,0
DA:119,0
DA:127,0
DA:128,0
DA:137,0
DA:138,0
DA:139,0
DA:140,0
DA:144,0
DA:145,0
DA:146,0
DA:149,0
DA:151,0
DA:152,0
DA:156,0
DA:167,0
DA:177,0
DA:178,0
DA:191,0
DA:192,0
DA:196,0
DA:197,0
DA:205,0
DA:206,0
DA:210,0
DA:211,0
DA:213,0
DA:217,0
DA:218,0
LF:73
LH:0
BRDA:16,0,0,0
BRDA:16,0,1,0
BRDA:24,1,0,0
BRDA:24,1,1,0
BRDA:39,2,0,0
BRDA:39,2,1,0
BRDA:39,2,2,0
BRDA:39,2,3,0
BRDA:39,2,4,0
BRDA:39,2,5,0
BRDA:62,3,0,0
BRDA:62,3,1,0
BRDA:64,4,0,0
BRDA:64,4,1,0
BRDA:68,5,0,0
BRDA:68,5,1,0
BRDA:82,6,0,0
BRDA:82,6,1,0
BRDA:102,7,0,0
BRDA:102,7,1,0
BRDA:131,8,0,0
BRDA:131,8,1,0
BRDA:151,9,0,0
BRDA:151,9,1,0
BRDA:151,10,0,0
BRDA:151,10,1,0
BRDA:177,11,0,0
BRDA:177,11,1,0
BRDA:181,12,0,0
BRDA:181,12,1,0
BRDA:182,13,0,0
BRDA:182,13,1,0
BRF:32
BRH:0
end_of_record
TN:
SF:src/websocket/middleware/connectionManager.middleware.ts
FN:9,(anonymous_0)
FN:26,(anonymous_1)
FN:47,(anonymous_2)
FN:51,(anonymous_3)
FN:55,(anonymous_4)
FN:59,(anonymous_5)
FNF:6
FNH:0
FNDA:0,(anonymous_0)
FNDA:0,(anonymous_1)
FNDA:0,(anonymous_2)
FNDA:0,(anonymous_3)
FNDA:0,(anonymous_4)
FNDA:0,(anonymous_5)
DA:2,0
DA:6,0
DA:7,0
DA:9,0
DA:10,0
DA:13,0
DA:14,0
DA:16,0
DA:17,0
DA:20,0
DA:21,0
DA:23,0
DA:26,0
DA:27,0
DA:28,0
DA:29,0
DA:30,0
DA:31,0
DA:32,0
DA:33,0
DA:34,0
DA:36,0
DA:39,0
DA:43,0
DA:47,0
DA:48,0
DA:51,0
DA:52,0
DA:55,0
DA:56,0
DA:59,0
DA:60,0
DA:61,0
DA:62,0
DA:64,0
LF:35
LH:0
BRDA:16,0,0,0
BRDA:16,0,1,0
BRDA:28,1,0,0
BRDA:28,1,1,0
BRDA:30,2,0,0
BRDA:30,2,1,0
BRDA:32,3,0,0
BRDA:32,3,1,0
BRDA:52,4,0,0
BRDA:52,4,1,0
BRDA:56,5,0,0
BRDA:56,5,1,0
BRF:12
BRH:0
end_of_record
TN:
SF:src/websocket/middleware/socketAuth.middleware.ts
FN:14,(anonymous_1)
FNF:1
FNH:0
FNDA:0,(anonymous_1)
DA:2,0
DA:3,0
DA:4,0
DA:14,0
DA:15,0
DA:17,0
DA:19,0
DA:20,0
DA:21,0
DA:25,0
DA:27,0
DA:28,0
DA:29,0
DA:33,0
DA:35,0
DA:36,0
DA:37,0
DA:41,0
DA:42,0
DA:47,0
DA:48,0
DA:50,0
DA:51,0
DA:52,0
DA:55,0
DA:56,0
DA:57,0
DA:60,0
DA:61,0
LF:29
LH:0
BRDA:17,0,0,0
BRDA:17,0,1,0
BRDA:19,1,0,0
BRDA:19,1,1,0
BRDA:27,2,0,0
BRDA:27,2,1,0
BRDA:35,3,0,0
BRDA:35,3,1,0
BRDA:50,4,0,0
BRDA:50,4,1,0
BRDA:55,5,0,0
BRDA:55,5,1,0
BRF:12
BRH:0
end_of_record
